15.06.2020 03:23:10, https://barka.foi.hr/WebDiP/2019_projekti/WebDiP2019x067/obrasci/prijava.php, Prijava admin
 15.06.2020 03:26:03, https://barka.foi.hr/WebDiP/2019_projekti/WebDiP2019x067/obrasci/prijava.php, Prijava admin
 15.06.2020 14:15:16, https://barka.foi.hr/WebDiP/2019_projekti/WebDiP2019x067/obrasci/prijava.php, Prijava admin
 15.06.2020 14:15:26, https://barka.foi.hr/WebDiP/2019_projekti/WebDiP2019x067/obrasci/konfiguracija.php, Vrijeme pomaknuto za: 6
 15.06.2020 14:15:49, https://barka.foi.hr/WebDiP/2019_projekti/WebDiP2019x067/obrasci/konfiguracija.php, Vrijeme pomaknuto za: 0
 15.06.2020 14:42:13, https://barka.foi.hr/WebDiP/2019_projekti/WebDiP2019x067/obrasci/prijava.php, Prijava admin
 15.06.2020 14:44:49, https://barka.foi.hr/WebDiP/2019_projekti/WebDiP2019x067/obrasci/konfiguracija.php, Vrijeme pomaknuto za: 214
 15.06.2020 15:55:21, https://barka.foi.hr/WebDiP/2019_projekti/WebDiP2019x067/obrasci/prijava.php, Prijava admin
 15.06.2020 15:57:15, https://barka.foi.hr/WebDiP/2019_projekti/WebDiP2019x067/obrasci/prijava.php, Prijava admin
 15.06.2020 15:57:44, https://barka.foi.hr/WebDiP/2019_projekti/WebDiP2019x067/obrasci/prijava.php, Prijava moderator
 15.06.2020 15:57:51, https://barka.foi.hr/WebDiP/2019_projekti/WebDiP2019x067/obrasci/prijava.php, Prijava admin
 15.06.2020 16:02:32, https://barka.foi.hr/WebDiP/2019_projekti/WebDiP2019x067/obrasci/prijava.php, Prijava admin
 15.06.2020 16:03:08, https://barka.foi.hr/WebDiP/2019_projekti/WebDiP2019x067/obrasci/prijava.php, Prijava admin
 15.06.2020 16:11:35, https://barka.foi.hr/WebDiP/2019_projekti/WebDiP2019x067/obrasci/prijava.php, Prijava admin
 15.06.2020 16:17:17, https://barka.foi.hr/WebDiP/2019_projekti/WebDiP2019x067/obrasci/prijava.php, Prijava admin
 15.06.2020 16:17:52, https://barka.foi.hr/WebDiP/2019_projekti/WebDiP2019x067/obrasci/prijava.php, Prijava admin
 15.06.2020 16:25:24, https://barka.foi.hr/WebDiP/2019_projekti/WebDiP2019x067/obrasci/prijava.php, Prijava admin
 15.06.2020 16:27:47, https://barka.foi.hr/WebDiP/2019_projekti/WebDiP2019x067/obrasci/prijava.php, Prijava admin
 15.06.2020 17:54:02, https://barka.foi.hr/WebDiP/2019_projekti/WebDiP2019x067/obrasci/prijava.php, Prijava admin
 15.06.2020 18:14:24, https://barka.foi.hr/WebDiP/2019_projekti/WebDiP2019x067/obrasci/prijava.php, Prijava admin
 15.06.2020 18:15:40, https://barka.foi.hr/WebDiP/2019_projekti/WebDiP2019x067/obrasci/prijava.php, Prijava admin
 15.06.2020 19:34:31, https://barka.foi.hr/WebDiP/2019_projekti/WebDiP2019x067/obrasci/prijava.php, Prijava admin
 15.06.2020 19:51:23, https://barka.foi.hr/WebDiP/2019_projekti/WebDiP2019x067/obrasci/prijava.php, Prijava admin
 15.06.2020 20:22:17, https://barka.foi.hr/WebDiP/2019_projekti/WebDiP2019x067/obrasci/prijava.php?korime=pkossi&lozinka=24HtySVG&submit=Prijavi+se, Prijava admin
 15.06.2020 20:23:15, https://barka.foi.hr/WebDiP/2019_projekti/WebDiP2019x067/obrasci/prijava.php, Prijava admin
 15.06.2020 20:25:10, https://barka.foi.hr/WebDiP/2019_projekti/WebDiP2019x067/obrasci/prijava.php, Prijava admin
 15.06.2020 20:40:29, https://barka.foi.hr/WebDiP/2019_projekti/WebDiP2019x067/obrasci/prijava.php, Prijava admin
 15.06.2020 20:44:19, https://barka.foi.hr/WebDiP/2019_projekti/WebDiP2019x067/obrasci/prijava.php, Prijava admin
 15.06.2020 21:09:47, https://barka.foi.hr/WebDiP/2019_projekti/WebDiP2019x067/obrasci/kategorije.php, Dodana kategorija Skakanje
 15.06.2020 22:37:49, https://barka.foi.hr/WebDiP/2019_projekti/WebDiP2019x067/obrasci/prijava.php, Prijava admin
 15.06.2020. 23:20:23, https://barka.foi.hr/WebDiP/2019_projekti/WebDiP2019x067/obrasci/prijava.php, Prijava admin
 15.06.2020. 23:20:48, https://barka.foi.hr/WebDiP/2019_projekti/WebDiP2019x067/obrasci/konfiguracija.php, Vrijeme pomaknuto za: 1
 16.06.2020. 00:20:56, https://barka.foi.hr/WebDiP/2019_projekti/WebDiP2019x067/obrasci/prijava.php, Prijava admin
 16.06.2020. 12:00:00, https://barka.foi.hr/WebDiP/2019_projekti/WebDiP2019x067/obrasci/prijava.php, Prijava korisnik
 16.06.2020. 12:08:44, https://barka.foi.hr/WebDiP/2019_projekti/WebDiP2019x067/obrasci/prijava.php, Prijava admin
 16.06.2020. 12:08:53, https://barka.foi.hr/WebDiP/2019_projekti/WebDiP2019x067/obrasci/kategorije.php, Dodana kategorija neka
 16.06.2020. 12:12:33, https://barka.foi.hr/WebDiP/2019_projekti/WebDiP2019x067/obrasci/prijava.php?korime=moderator&lozinka=admin_EUH1&submit=Prijavi+se, Prijava moderator
 16.06.2020. 12:28:22, https://barka.foi.hr/WebDiP/2019_projekti/WebDiP2019x067/obrasci/registracija.php, Registracija korisnika pkossi@foi.hr
 16.06.2020. 12:28:33, , Verifikacija korisnika: pkossi
 16.06.2020. 12:29:38, https://barka.foi.hr/WebDiP/2019_projekti/WebDiP2019x067/obrasci/prijava.php, Prijava admin
 16.06.2020. 12:29:52, https://barka.foi.hr/WebDiP/2019_projekti/WebDiP2019x067/obrasci/zaboravljenaLozinka.php, Reset lozinke pkossi@foi.hr
 16.06.2020. 12:30:14, https://barka.foi.hr/WebDiP/2019_projekti/WebDiP2019x067/obrasci/prijava.php, Prijava pkossi
 16.06.2020. 12:30:55, https://barka.foi.hr/WebDiP/2019_projekti/WebDiP2019x067/obrasci/prijava.php, Prijava admin
 16.06.2020. 12:33:23, https://barka.foi.hr/WebDiP/2019_projekti/WebDiP2019x067/obrasci/prijava.php, Prijava admin
 16.06.2020. 12:33:57, https://barka.foi.hr/WebDiP/2019_projekti/WebDiP2019x067/obrasci/kategorije.php, Dodana kategorija nakea
 16.06.2020. 12:35:12, https://barka.foi.hr/WebDiP/2019_projekti/WebDiP2019x067/obrasci/prijava.php, Prijava moderator
 16.06.2020. 12:36:34, https://barka.foi.hr/WebDiP/2019_projekti/WebDiP2019x067/obrasci/prijava.php, Prijava admin
 16.06.2020. 12:36:48, https://barka.foi.hr/WebDiP/2019_projekti/WebDiP2019x067/obrasci/konfiguracija.php, Vrijeme pomaknuto za: 10
 16.06.2020. 21:37:22, https://barka.foi.hr/WebDiP/2019_projekti/WebDiP2019x067/obrasci/prijava.php, Prijava admin
 17.06.2020. 07:51:10, https://barka.foi.hr/WebDiP/2019_projekti/WebDiP2019x067/obrasci/prijava.php, Prijava admin
 20.08.2020. 23:28:03, https://barka.foi.hr/WebDiP/2019_projekti/WebDiP2019x067/obrasci/prijava.php, Prijava admin
 20.08.2020. 23:29:13, https://barka.foi.hr/WebDiP/2019_projekti/WebDiP2019x067/obrasci/kategorije.php, Dodana kategorija s
 21.08.2020. 05:01:50, https://barka.foi.hr/WebDiP/2019_projekti/WebDiP2019x067/obrasci/prijava.php, Prijava admin
 21.08.2020. 05:35:28, https://barka.foi.hr/WebDiP/2019_projekti/WebDiP2019x067/obrasci/zaboravljenaLozinka.php?email=pkossi&submit=Prijavi+se, Reset lozinke pkossi@foi.hr
 21.08.2020. 05:35:45, https://barka.foi.hr/WebDiP/2019_projekti/WebDiP2019x067/obrasci/prijava.php, Prijava pkossi
 21.08.2020. 05:35:53, https://barka.foi.hr/WebDiP/2019_projekti/WebDiP2019x067/obrasci/prijava.php, Prijava admin
 21.08.2020. 05:41:37, https://barka.foi.hr/WebDiP/2019_projekti/WebDiP2019x067/obrasci/prijava.php, Prijava korisnik
 21.08.2020. 06:41:06, https://barka.foi.hr/WebDiP/2019_projekti/WebDiP2019x067/obrasci/prijava.php, Prijava admin
 21.08.2020. 06:41:22, https://barka.foi.hr/WebDiP/2019_projekti/WebDiP2019x067/obrasci/konfiguracija.php, Vrijeme pomaknuto za: 2
 20.08.2020. 22:41:35, https://barka.foi.hr/WebDiP/2019_projekti/WebDiP2019x067/obrasci/konfiguracija.php, Vrijeme pomaknuto za: 0
 21.08.2020. 10:13:02, https://barka.foi.hr/WebDiP/2019_projekti/WebDiP2019x067/obrasci/prijava.php, Prijava admin
 21.08.2020. 10:13:15, https://barka.foi.hr/WebDiP/2019_projekti/WebDiP2019x067/obrasci/prijava.php, Prijava admin
 21.08.2020. 11:04:18, https://barka.foi.hr/WebDiP/2019_projekti/WebDiP2019x067/obrasci/prijava.php, Prijava admin
 21.08.2020. 11:06:45, https://barka.foi.hr/WebDiP/2019_projekti/WebDiP2019x067/obrasci/prijava.php, Prijava admin
 21.08.2020. 11:21:34, https://barka.foi.hr/WebDiP/2019_projekti/WebDiP2019x067/obrasci/prijava.php, Prijava korisnik
 21.08.2020. 11:31:01, https://barka.foi.hr/WebDiP/2019_projekti/WebDiP2019x067/obrasci/prijava.php, Prijava korisnik
 21.08.2020. 11:35:40, https://barka.foi.hr/WebDiP/2019_projekti/WebDiP2019x067/obrasci/prijava.php, Prijava admin
 21.08.2020. 11:40:43, https://barka.foi.hr/WebDiP/2019_projekti/WebDiP2019x067/obrasci/prijava.php, Prijava admin
 21.08.2020. 13:36:04, https://barka.foi.hr/WebDiP/2019_projekti/WebDiP2019x067/obrasci/prijava.php, Prijava admin
 21.08.2020. 13:45:25, https://barka.foi.hr/WebDiP/2019_projekti/WebDiP2019x067/obrasci/kategorije.php, Dodana kategorija s
 21.08.2020. 13:45:31, https://barka.foi.hr/WebDiP/2019_projekti/WebDiP2019x067/obrasci/kategorije.php, Dodana kategorija da
 21.08.2020. 13:45:34, https://barka.foi.hr/WebDiP/2019_projekti/WebDiP2019x067/obrasci/kategorije.php, Dodana kategorija sap
 22.08.2020. 08:17:22, https://barka.foi.hr/WebDiP/2019_projekti/WebDiP2019x067/obrasci/prijava.php, Prijava admin
 31.08.2020. 13:37:12, https://barka.foi.hr/WebDiP/2019_projekti/WebDiP2019x067/obrasci/prijava.php, Prijava korisnik
 31.08.2020. 13:37:19, https://barka.foi.hr/WebDiP/2019_projekti/WebDiP2019x067/obrasci/prijava.php, Prijava admin
 01.09.2020. 11:09:12, https://barka.foi.hr/WebDiP/2019_projekti/WebDiP2019x067/obrasci/prijava.php, Prijava admin
 01.09.2020. 13:18:23, https://barka.foi.hr/WebDiP/2019_projekti/WebDiP2019x067/obrasci/prijava.php, Prijava admin
 01.09.2020. 13:51:58, https://barka.foi.hr/WebDiP/2019_projekti/WebDiP2019x067/obrasci/prijava.php, Prijava admin
 01.09.2020. 15:26:00, https://barka.foi.hr/WebDiP/2019_projekti/WebDiP2019x067/obrasci/prijava.php, Prijava admin
 01.09.2020. 15:42:21, https://barka.foi.hr/WebDiP/2019_projekti/WebDiP2019x067/obrasci/kategorije.php, Dodana kategorija Dip
 01.09.2020. 15:59:11, https://barka.foi.hr/WebDiP/2019_projekti/WebDiP2019x067/obrasci/prijava.php, Prijava admin
 02.09.2020. 13:08:15, https://barka.foi.hr/WebDiP/2019_projekti/WebDiP2019x067/obrasci/prijava.php, Prijava admin
 02.09.2020. 15:45:07, https://barka.foi.hr/WebDiP/2019_projekti/WebDiP2019x067/obrasci/prijava.php, Prijava admin
 02.09.2020. 15:45:35, https://barka.foi.hr/WebDiP/2019_projekti/WebDiP2019x067/obrasci/prijava.php, Prijava pkossi
 02.09.2020. 20:49:09, https://barka.foi.hr/WebDiP/2019_projekti/WebDiP2019x067/obrasci/prijava.php, Prijava pkossi
 02.09.2020. 21:06:57, https://barka.foi.hr/WebDiP/2019_projekti/WebDiP2019x067/obrasci/prijava.php, Prijava admin
 02.09.2020. 21:33:53, https://barka.foi.hr/WebDiP/2019_projekti/WebDiP2019x067/obrasci/prijava.php, Prijava korisnik
 02.09.2020. 21:34:26, https://barka.foi.hr/WebDiP/2019_projekti/WebDiP2019x067/obrasci/prijava.php?korime=korisnik&lozinka=korisnik&submit=Prijavi+se, Prijava korisnik
 02.09.2020. 21:36:12, https://barka.foi.hr/WebDiP/2019_projekti/WebDiP2019x067/obrasci/prijava.php?korime=korisnik&lozinka=korisnik&submit=Prijavi+se, Prijava korisnik
 02.09.2020. 21:37:14, https://barka.foi.hr/WebDiP/2019_projekti/WebDiP2019x067/obrasci/prijava.php, Prijava pkossi
 02.09.2020. 21:37:47, https://barka.foi.hr/WebDiP/2019_projekti/WebDiP2019x067/obrasci/prijava.php?korime=pkossi&lozinka=jXVOyWmNok&submit=Prijavi+se, Prijava pkossi
 02.09.2020. 21:39:23, https://barka.foi.hr/WebDiP/2019_projekti/WebDiP2019x067/obrasci/prijava.php, Prijava pkossi
 02.09.2020. 22:00:55, https://barka.foi.hr/WebDiP/2019_projekti/WebDiP2019x067/obrasci/prijava.php, Prijava admin
 02.09.2020. 22:07:46, https://barka.foi.hr/WebDiP/2019_projekti/WebDiP2019x067/obrasci/prijava.php, Prijava admin
 02.09.2020. 22:10:30, https://barka.foi.hr/WebDiP/2019_projekti/WebDiP2019x067/obrasci/prijava.php, Prijava admin
 02.09.2020. 22:18:40, https://barka.foi.hr/WebDiP/2019_projekti/WebDiP2019x067/obrasci/prijava.php, Prijava admin
 02.09.2020. 22:18:52, https://barka.foi.hr/WebDiP/2019_projekti/WebDiP2019x067/obrasci/prijava.php, Prijava admin
 02.09.2020. 22:23:48, https://barka.foi.hr/WebDiP/2019_projekti/WebDiP2019x067/obrasci/prijava.php, Prijava admin
 02.09.2020. 22:28:52, https://barka.foi.hr/WebDiP/2019_projekti/WebDiP2019x067/obrasci/prijava.php, Prijava admin
 02.09.2020. 22:31:23, https://barka.foi.hr/WebDiP/2019_projekti/WebDiP2019x067/obrasci/prijava.php, Prijava admin
 02.09.2020. 22:33:02, https://barka.foi.hr/WebDiP/2019_projekti/WebDiP2019x067/obrasci/prijava.php, Prijava admin
 02.09.2020. 22:33:17, https://barka.foi.hr/WebDiP/2019_projekti/WebDiP2019x067/obrasci/prijava.php, Prijava admin
 02.09.2020. 22:33:35, https://barka.foi.hr/WebDiP/2019_projekti/WebDiP2019x067/obrasci/prijava.php, Prijava admin
 02.09.2020. 22:34:51, https://barka.foi.hr/WebDiP/2019_projekti/WebDiP2019x067/obrasci/prijava.php, Prijava admin
 02.09.2020. 22:35:07, https://barka.foi.hr/WebDiP/2019_projekti/WebDiP2019x067/obrasci/prijava.php, Prijava admin
 02.09.2020. 22:35:37, https://barka.foi.hr/WebDiP/2019_projekti/WebDiP2019x067/obrasci/prijava.php?korime=korisnik&lozinka=korisnik&submit=Prijavi+se, Prijava korisnik
 03.09.2020. 08:36:59, https://barka.foi.hr/WebDiP/2019_projekti/WebDiP2019x067/obrasci/prijava.php, Prijava admin
 03.09.2020. 08:37:37, https://barka.foi.hr/WebDiP/2019_projekti/WebDiP2019x067/obrasci/prijava.php, Prijava admin
 07.09.2020. 08:52:48, https://barka.foi.hr/WebDiP/2019_projekti/WebDiP2019x067/obrasci/prijava.php?korime=korisnik&lozinka=korisnik&submit=Prijavi+se, Prijava korisnik
 07.09.2020. 10:40:58, https://barka.foi.hr/WebDiP/2019_projekti/WebDiP2019x067/obrasci/prijava.php, Prijava korisnik
 07.09.2020. 10:41:29, https://barka.foi.hr/WebDiP/2019_projekti/WebDiP2019x067/obrasci/prijava.php, Prijava pkossi
 07.09.2020. 10:41:42, https://barka.foi.hr/WebDiP/2019_projekti/WebDiP2019x067/obrasci/zaboravljenaLozinka.php, Reset lozinke pkossi@foi.hr
 07.09.2020. 10:41:58, https://barka.foi.hr/WebDiP/2019_projekti/WebDiP2019x067/obrasci/prijava.php, Prijava pkossi
 07.09.2020. 10:50:35, https://barka.foi.hr/WebDiP/2019_projekti/WebDiP2019x067/obrasci/prijava.php?korime=pkossi&lozinka=kaje&submit=Prijavi+se, Prijava admin
 07.09.2020. 10:58:59, https://barka.foi.hr/WebDiP/2019_projekti/WebDiP2019x067/obrasci/prijava.php, Prijava admin
 07.09.2020. 10:59:48, https://barka.foi.hr/WebDiP/2019_projekti/WebDiP2019x067/obrasci/prijava.php, Prijava admin
 07.09.2020. 11:00:01, https://barka.foi.hr/WebDiP/2019_projekti/WebDiP2019x067/obrasci/prijava.php, Prijava pkossi
 07.09.2020. 11:01:48, https://barka.foi.hr/WebDiP/2019_projekti/WebDiP2019x067/obrasci/prijava.php, Prijava admin
 07.09.2020. 11:02:14, https://barka.foi.hr/WebDiP/2019_projekti/WebDiP2019x067/obrasci/prijava.php, Prijava pkossi
 07.09.2020. 11:02:30, https://barka.foi.hr/WebDiP/2019_projekti/WebDiP2019x067/obrasci/prijava.php, Prijava admin
 07.09.2020. 11:02:48, https://barka.foi.hr/WebDiP/2019_projekti/WebDiP2019x067/obrasci/prijava.php, Prijava admin
 07.09.2020. 11:03:12, https://barka.foi.hr/WebDiP/2019_projekti/WebDiP2019x067/obrasci/prijava.php, Prijava admin
 07.09.2020. 11:10:19, https://barka.foi.hr/WebDiP/2019_projekti/WebDiP2019x067/obrasci/prijava.php, Prijava admin
 07.09.2020. 11:15:04, https://barka.foi.hr/WebDiP/2019_projekti/WebDiP2019x067/obrasci/prijava.php, Prijava admin
 07.09.2020. 11:16:48, https://barka.foi.hr/WebDiP/2019_projekti/WebDiP2019x067/obrasci/prijava.php, Prijava admin
 07.09.2020. 11:21:15, https://barka.foi.hr/WebDiP/2019_projekti/WebDiP2019x067/obrasci/prijava.php, Prijava admin
 07.09.2020. 11:23:12, https://barka.foi.hr/WebDiP/2019_projekti/WebDiP2019x067/obrasci/prijava.php, Prijava admin
 07.09.2020. 11:24:19, https://barka.foi.hr/WebDiP/2019_projekti/WebDiP2019x067/obrasci/prijava.php, Prijava admin
 07.09.2020. 11:56:20, https://barka.foi.hr/WebDiP/2019_projekti/WebDiP2019x067/obrasci/prijava.php?korime=pkossi&lozinka=pkossi&submit=Prijavi+se, Prijava admin
 07.09.2020. 11:56:54, https://barka.foi.hr/WebDiP/2019_projekti/WebDiP2019x067/obrasci/prijava.php, Prijava admin
 07.09.2020. 13:23:46, https://barka.foi.hr/WebDiP/2019_projekti/WebDiP2019x067/obrasci/prijava.php, Prijava admin
 07.09.2020. 13:52:05, https://barka.foi.hr/WebDiP/2019_projekti/WebDiP2019x067/obrasci/prijava.php, Prijava admin
 07.09.2020. 13:54:07, https://barka.foi.hr/WebDiP/2019_projekti/WebDiP2019x067/obrasci/prijava.php, Prijava admin
 07.09.2020. 13:55:01, https://barka.foi.hr/WebDiP/2019_projekti/WebDiP2019x067/obrasci/prijava.php, Prijava admin
 07.09.2020. 14:50:33, https://barka.foi.hr/WebDiP/2019_projekti/WebDiP2019x067/obrasci/prijava.php, Prijava admin
 07.09.2020. 14:50:43, https://barka.foi.hr/WebDiP/2019_projekti/WebDiP2019x067/obrasci/konfiguracija.php, Vrijeme pomaknuto za: 321
 20.09.2020. 23:50:49, https://barka.foi.hr/WebDiP/2019_projekti/WebDiP2019x067/obrasci/konfiguracija.php, Vrijeme pomaknuto za: 321
 20.09.2020. 23:50:51, https://barka.foi.hr/WebDiP/2019_projekti/WebDiP2019x067/obrasci/konfiguracija.php, Vrijeme pomaknuto za: 321
 20.09.2020. 23:51:02, https://barka.foi.hr/WebDiP/2019_projekti/WebDiP2019x067/obrasci/konfiguracija.php, Vrijeme pomaknuto za: 321
 20.09.2020. 23:51:08, https://barka.foi.hr/WebDiP/2019_projekti/WebDiP2019x067/obrasci/konfiguracija.php, Vrijeme pomaknuto za: 0
 07.09.2020. 14:52:55, https://barka.foi.hr/WebDiP/2019_projekti/WebDiP2019x067/obrasci/prijava.php, Prijava admin
 08.09.2020. 09:08:46, https://barka.foi.hr/WebDiP/2019_projekti/WebDiP2019x067/obrasci/prijava.php, Prijava admin
 08.09.2020. 10:32:35, https://barka.foi.hr/WebDiP/2019_projekti/WebDiP2019x067/obrasci/prijava.php, Prijava admin
 08.09.2020. 10:59:51, https://barka.foi.hr/WebDiP/2019_projekti/WebDiP2019x067/obrasci/prijava.php, Prijava admin
 08.09.2020. 11:01:48, https://barka.foi.hr/WebDiP/2019_projekti/WebDiP2019x067/obrasci/prijava.php, Prijava admin
 08.09.2020. 11:07:10, https://barka.foi.hr/WebDiP/2019_projekti/WebDiP2019x067/obrasci/prijava.php, Prijava admin
 08.09.2020. 11:07:34, https://barka.foi.hr/WebDiP/2019_projekti/WebDiP2019x067/obrasci/prijava.php, Prijava admin
 08.09.2020. 11:08:12, https://barka.foi.hr/WebDiP/2019_projekti/WebDiP2019x067/obrasci/prijava.php, Prijava pkossi
 08.09.2020. 11:08:22, https://barka.foi.hr/WebDiP/2019_projekti/WebDiP2019x067/obrasci/prijava.php, Prijava admin
 08.09.2020. 11:12:16, https://barka.foi.hr/WebDiP/2019_projekti/WebDiP2019x067/obrasci/prijava.php, Prijava admin
 08.09.2020. 12:27:36, https://barka.foi.hr/WebDiP/2019_projekti/WebDiP2019x067/obrasci/prijava.php?korime=pkossi&lozinka=%21Jsip74o99&submit=Prijavi+se, Prijava admin
 08.09.2020. 12:27:49, https://barka.foi.hr/WebDiP/2019_projekti/WebDiP2019x067/obrasci/prijava.php, Prijava pkossi
 08.09.2020. 12:27:58, https://barka.foi.hr/WebDiP/2019_projekti/WebDiP2019x067/obrasci/prijava.php, Prijava admin
 